<?xml version="1.0" encoding="UTF-8"?>
<!-- Generated by org.testng.reporters.JUnitXMLReporter -->
<testsuite ignored="1" hostname="LAPTOP-KQ2GILME" failures="0" tests="1" name="NegativeTests" time="55.619" errors="0" timestamp="2020-09-06T14:47:49 IST">
  <testcase classname="com.herokuapp.theinternet.NegativeTest" name="IncorrectPasswordTest" time="55.558"/>
  <testcase classname="com.herokuapp.theinternet.NegativeTest" name="IncorrectUsernameTest" time="0.0">
    <ignored/>
  </testcase> <!-- IncorrectUsernameTest -->
</testsuite> <!-- NegativeTests -->
