<?xml version="1.0" encoding="UTF-8"?>
<!-- Generated by org.testng.reporters.JUnitXMLReporter -->
<testsuite ignored="1" hostname="LAPTOP-KQ2GILME" failures="0" tests="1" name="NegativePasswordTests" time="21.483" errors="0" timestamp="2020-09-07T13:02:21 IST">
  <testcase classname="com.herokuapp.theinternet.LoginTest" name="negativeLoginTest" time="14.2"/>
  <testcase classname="com.herokuapp.theinternet.LoginTest" name="PositiveLoginTest" time="0.0">
    <ignored/>
  </testcase> <!-- PositiveLoginTest -->
</testsuite> <!-- NegativePasswordTests -->
