<?xml version="1.0" encoding="UTF-8"?>
<!-- Generated by org.testng.reporters.JUnitXMLReporter -->
<testsuite ignored="1" hostname="LAPTOP-KQ2GILME" failures="0" tests="1" name="NegativeUsernameTests" time="23.226" errors="0" timestamp="2020-09-07T13:01:59 IST">
  <testcase classname="com.herokuapp.theinternet.LoginTest" name="negativeLoginTest" time="16.363"/>
  <testcase classname="com.herokuapp.theinternet.LoginTest" name="PositiveLoginTest" time="0.0">
    <ignored/>
  </testcase> <!-- PositiveLoginTest -->
</testsuite> <!-- NegativeUsernameTests -->
