<?xml version="1.0" encoding="UTF-8"?>
<!-- Generated by org.testng.reporters.JUnitXMLReporter -->
<testsuite ignored="1" hostname="LAPTOP-KQ2GILME" failures="0" tests="1" name="PostiveLoginTests" time="28.605" errors="0" timestamp="2020-09-07T13:01:36 IST">
  <testcase classname="com.herokuapp.theinternet.LoginTest" name="PositiveLoginTest" time="13.605"/>
  <testcase classname="com.herokuapp.theinternet.LoginTest" name="negativeLoginTest" time="0.0">
    <ignored/>
  </testcase> <!-- negativeLoginTest -->
</testsuite> <!-- PostiveLoginTests -->
