<?xml version="1.0" encoding="UTF-8"?>
<!-- Generated by org.testng.reporters.JUnitXMLReporter -->
<testsuite ignored="0" hostname="LAPTOP-KQ2GILME" failures="0" tests="2" name="NegativeTests" time="37.08" errors="0" timestamp="2020-09-06T00:03:57 IST">
  <testcase classname="com.herokuapp.theinternet.NegativeTest" name="IncorrectPasswordTest" time="18.974"/>
  <testcase classname="com.herokuapp.theinternet.NegativeTest" name="IncorrectUsernameTest" time="18.099"/>
</testsuite> <!-- NegativeTests -->
